<?xml version="1.0" encoding="UTF-8"?>
<!-- Generated by org.testng.reporters.JUnitReportReporter -->
<testsuite hostname="DESKTOP-74S863E" failures="0" tests="4" name="tests.TestLoginLogoutPage" time="53.608" errors="0" timestamp="2024-03-29T23:52:34 IST" skipped="0">
  <testcase classname="tests.TestLoginLogoutPage" name="testLoginPage" time="24.028"/>
  <testcase classname="tests.TestLoginLogoutPage" name="testLogoutPage" time="1.312"/>
  <testcase classname="tests.TestLoginLogoutPage" name="testLogoutPage" time="5.328"/>
  <testcase classname="tests.TestLoginLogoutPage" name="testLoginPage" time="22.940"/>
</testsuite> <!-- tests.TestLoginLogoutPage -->
